<?xml version="1.0" encoding="UTF-8"?>
<testng-results skipped="0" failed="1" total="6" passed="5">
  <reporter-output>
  </reporter-output>
  <suite name="Suite" duration-ms="68162" started-at="2019-08-11T03:14:54Z" finished-at="2019-08-11T03:16:02Z">
    <groups>
    </groups>
    <test name="test" duration-ms="68162" started-at="2019-08-11T03:14:54Z" finished-at="2019-08-11T03:16:02Z">
      <class name="com.myemail.TestLoginModel">
        <test-method status="PASS" signature="setUp()[pri:0, instance:com.myemail.TestLoginModel@3ffc5af1]" name="setUp" is-config="true" duration-ms="2158" started-at="2019-08-11T11:15:54Z" finished-at="2019-08-11T11:15:56Z">
          <reporter-output>
          </reporter-output>
        </test-method> <!-- setUp -->
        <test-method status="PASS" signature="login()[pri:0, instance:com.myemail.TestLoginModel@3ffc5af1]" name="login" duration-ms="5234" started-at="2019-08-11T11:15:56Z" finished-at="2019-08-11T11:16:01Z">
          <reporter-output>
          </reporter-output>
        </test-method> <!-- login -->
        <test-method status="PASS" signature="setDown()[pri:0, instance:com.myemail.TestLoginModel@3ffc5af1]" name="setDown" is-config="true" duration-ms="1187" started-at="2019-08-11T11:16:01Z" finished-at="2019-08-11T11:16:02Z">
          <reporter-output>
          </reporter-output>
        </test-method> <!-- setDown -->
      </class> <!-- com.myemail.TestLoginModel -->
      <class name="com.myemail.TestSearch">
        <test-method status="PASS" signature="setUp()[pri:0, instance:com.myemail.TestSearch@475530b9]" name="setUp" is-config="true" duration-ms="2724" started-at="2019-08-11T11:15:40Z" finished-at="2019-08-11T11:15:43Z">
          <reporter-output>
          </reporter-output>
        </test-method> <!-- setUp -->
        <test-method status="PASS" signature="testSearch()[pri:0, instance:com.myemail.TestSearch@475530b9]" name="testSearch" duration-ms="9430" started-at="2019-08-11T11:15:43Z" finished-at="2019-08-11T11:15:52Z">
          <reporter-output>
          </reporter-output>
        </test-method> <!-- testSearch -->
        <test-method status="PASS" signature="setDown()[pri:0, instance:com.myemail.TestSearch@475530b9]" name="setDown" is-config="true" duration-ms="1197" started-at="2019-08-11T11:15:52Z" finished-at="2019-08-11T11:15:54Z">
          <reporter-output>
          </reporter-output>
        </test-method> <!-- setDown -->
      </class> <!-- com.myemail.TestSearch -->
      <class name="com.myemail.TestLoginParameter">
        <test-method status="PASS" signature="setUp()[pri:0, instance:com.myemail.TestLoginParameter@5e5792a0]" name="setUp" is-config="true" duration-ms="5744" started-at="2019-08-11T11:14:54Z" finished-at="2019-08-11T11:15:00Z">
          <reporter-output>
          </reporter-output>
        </test-method> <!-- setUp -->
        <test-method status="PASS" signature="testCase(java.lang.String, java.lang.String, java.lang.String)[pri:0, instance:com.myemail.TestLoginParameter@5e5792a0]" name="testCase" duration-ms="7506" started-at="2019-08-11T11:15:00Z" data-provider="user" finished-at="2019-08-11T11:15:07Z">
          <params>
            <param index="0">
              <value>
                <![CDATA[]]>
              </value>
            </param>
            <param index="1">
              <value>
                <![CDATA[]]>
              </value>
            </param>
            <param index="2">
              <value>
                <![CDATA[ÇëÊäÈëÕÊºÅ]]>
              </value>
            </param>
          </params>
          <reporter-output>
          </reporter-output>
        </test-method> <!-- testCase -->
        <test-method status="PASS" signature="tearDown()[pri:0, instance:com.myemail.TestLoginParameter@5e5792a0]" name="tearDown" is-config="true" duration-ms="1317" started-at="2019-08-11T11:15:07Z" finished-at="2019-08-11T11:15:09Z">
          <reporter-output>
          </reporter-output>
        </test-method> <!-- tearDown -->
        <test-method status="PASS" signature="setUp()[pri:0, instance:com.myemail.TestLoginParameter@5e5792a0]" name="setUp" is-config="true" duration-ms="2670" started-at="2019-08-11T11:15:09Z" finished-at="2019-08-11T11:15:11Z">
          <reporter-output>
          </reporter-output>
        </test-method> <!-- setUp -->
        <test-method status="PASS" signature="testCase(java.lang.String, java.lang.String, java.lang.String)[pri:0, instance:com.myemail.TestLoginParameter@5e5792a0]" name="testCase" duration-ms="6601" started-at="2019-08-11T11:15:11Z" data-provider="user" finished-at="2019-08-11T11:15:18Z">
          <params>
            <param index="0">
              <value>
                <![CDATA[chengzhangour]]>
              </value>
            </param>
            <param index="1">
              <value>
                <![CDATA[]]>
              </value>
            </param>
            <param index="2">
              <value>
                <![CDATA[ÇëÊäÈëÃÜÂë]]>
              </value>
            </param>
          </params>
          <reporter-output>
          </reporter-output>
        </test-method> <!-- testCase -->
        <test-method status="PASS" signature="tearDown()[pri:0, instance:com.myemail.TestLoginParameter@5e5792a0]" name="tearDown" is-config="true" duration-ms="1175" started-at="2019-08-11T11:15:18Z" finished-at="2019-08-11T11:15:19Z">
          <reporter-output>
          </reporter-output>
        </test-method> <!-- tearDown -->
        <test-method status="PASS" signature="setUp()[pri:0, instance:com.myemail.TestLoginParameter@5e5792a0]" name="setUp" is-config="true" duration-ms="2925" started-at="2019-08-11T11:15:19Z" finished-at="2019-08-11T11:15:22Z">
          <reporter-output>
          </reporter-output>
        </test-method> <!-- setUp -->
        <test-method status="PASS" signature="testCase(java.lang.String, java.lang.String, java.lang.String)[pri:0, instance:com.myemail.TestLoginParameter@5e5792a0]" name="testCase" duration-ms="6730" started-at="2019-08-11T11:15:22Z" data-provider="user" finished-at="2019-08-11T11:15:29Z">
          <params>
            <param index="0">
              <value>
                <![CDATA[]]>
              </value>
            </param>
            <param index="1">
              <value>
                <![CDATA[123456]]>
              </value>
            </param>
            <param index="2">
              <value>
                <![CDATA[ÇëÊäÈëÕÊºÅ]]>
              </value>
            </param>
          </params>
          <reporter-output>
          </reporter-output>
        </test-method> <!-- testCase -->
        <test-method status="PASS" signature="tearDown()[pri:0, instance:com.myemail.TestLoginParameter@5e5792a0]" name="tearDown" is-config="true" duration-ms="1165" started-at="2019-08-11T11:15:29Z" finished-at="2019-08-11T11:15:30Z">
          <reporter-output>
          </reporter-output>
        </test-method> <!-- tearDown -->
        <test-method status="PASS" signature="setUp()[pri:0, instance:com.myemail.TestLoginParameter@5e5792a0]" name="setUp" is-config="true" duration-ms="2660" started-at="2019-08-11T11:15:30Z" finished-at="2019-08-11T11:15:33Z">
          <reporter-output>
          </reporter-output>
        </test-method> <!-- setUp -->
        <test-method status="FAIL" signature="testCase(java.lang.String, java.lang.String, java.lang.String)[pri:0, instance:com.myemail.TestLoginParameter@5e5792a0]" name="testCase" duration-ms="6519" started-at="2019-08-11T11:15:33Z" data-provider="user" finished-at="2019-08-11T11:15:39Z">
          <params>
            <param index="0">
              <value>
                <![CDATA[error1]]>
              </value>
            </param>
            <param index="1">
              <value>
                <![CDATA[error1]]>
              </value>
            </param>
            <param index="2">
              <value>
                <![CDATA[ÕÊºÅ»òÃÜÂë´íÎó]]>
              </value>
            </param>
          </params>
          <exception class="java.lang.AssertionError">
            <message>
              <![CDATA[expected [ÕÊºÅ»òÃÜÂë´íÎó] but found [ÇëÏÈ½øÐÐÑéÖ¤]]]>
            </message>
            <full-stacktrace>
              <![CDATA[java.lang.AssertionError: expected [ÕÊºÅ»òÃÜÂë´íÎó] but found [ÇëÏÈ½øÐÐÑéÖ¤]
	at org.testng.Assert.fail(Assert.java:94)
	at org.testng.Assert.failNotEquals(Assert.java:494)
	at org.testng.Assert.assertEquals(Assert.java:123)
	at org.testng.Assert.assertEquals(Assert.java:176)
	at org.testng.Assert.assertEquals(Assert.java:186)
	at com.myemail.TestLoginParameter.testCase(TestLoginParameter.java:42)
	at sun.reflect.NativeMethodAccessorImpl.invoke0(Native Method)
	at sun.reflect.NativeMethodAccessorImpl.invoke(Unknown Source)
	at sun.reflect.DelegatingMethodAccessorImpl.invoke(Unknown Source)
	at java.lang.reflect.Method.invoke(Unknown Source)
	at org.testng.internal.MethodInvocationHelper.invokeMethod(MethodInvocationHelper.java:84)
	at org.testng.internal.Invoker.invokeMethod(Invoker.java:714)
	at org.testng.internal.Invoker.invokeTestMethod(Invoker.java:901)
	at org.testng.internal.Invoker.invokeTestMethods(Invoker.java:1231)
	at org.testng.internal.TestMethodWorker.invokeTestMethods(TestMethodWorker.java:127)
	at org.testng.internal.TestMethodWorker.run(TestMethodWorker.java:111)
	at org.testng.TestRunner.privateRun(TestRunner.java:767)
	at org.testng.TestRunner.run(TestRunner.java:617)
	at org.testng.SuiteRunner.runTest(SuiteRunner.java:334)
	at org.testng.SuiteRunner.runSequentially(SuiteRunner.java:329)
	at org.testng.SuiteRunner.privateRun(SuiteRunner.java:291)
	at org.testng.SuiteRunner.run(SuiteRunner.java:240)
	at org.testng.SuiteRunnerWorker.runSuite(SuiteRunnerWorker.java:52)
	at org.testng.SuiteRunnerWorker.run(SuiteRunnerWorker.java:86)
	at org.testng.TestNG.runSuitesSequentially(TestNG.java:1224)
	at org.testng.TestNG.runSuitesLocally(TestNG.java:1149)
	at org.testng.TestNG.run(TestNG.java:1057)
	at org.testng.remote.AbstractRemoteTestNG.run(AbstractRemoteTestNG.java:114)
	at org.testng.remote.RemoteTestNG.initAndRun(RemoteTestNG.java:251)
	at org.testng.remote.RemoteTestNG.main(RemoteTestNG.java:77)
]]>
            </full-stacktrace>
          </exception> <!-- java.lang.AssertionError -->
          <reporter-output>
          </reporter-output>
        </test-method> <!-- testCase -->
        <test-method status="PASS" signature="tearDown()[pri:0, instance:com.myemail.TestLoginParameter@5e5792a0]" name="tearDown" is-config="true" duration-ms="1168" started-at="2019-08-11T11:15:39Z" finished-at="2019-08-11T11:15:40Z">
          <reporter-output>
          </reporter-output>
        </test-method> <!-- tearDown -->
      </class> <!-- com.myemail.TestLoginParameter -->
    </test> <!-- test -->
  </suite> <!-- Suite -->
</testng-results>
